
========== Loading Dataset ==========
Dataset loaded.

========== Loading FastText ==========

========== Splitting Data ==========

========== Building Model ==========

========== Preparing DataLoaders ==========

========== Starting Training ==========

========== Plotting Learning Curves ==========

========== Evaluating on Test Set ==========

==================================================
Final Test Accuracy: 0.6094
Test F1 Macro: 0.6012
Test F1 Weighted: 0.6170
==================================================

Classification Report:
              precision    recall  f1-score   support

Negative (0)     0.5966    0.7802    0.6762        91
 Neutral (1)     0.7562    0.6319    0.6885       432
Positive (2)     0.4008    0.4853    0.4390       204

    accuracy                         0.6094       727
   macro avg     0.5846    0.6325    0.6012       727
weighted avg     0.6365    0.6094    0.6170       727

